<?xml version="1.0" encoding="UTF-8"?>
<!-- Generated by org.testng.reporters.JUnitXMLReporter -->
<testsuite hostname="IGSA937002-PC" ignored="0" name="addCustomer" tests="3" failures="0" timestamp="2021-07-02T11:32:50 AEST" time="6.557" errors="0">
  <testcase name="enterCustomerData" time="1.002" classname="com.w2a.Testcases.addCustomer"/>
  <testcase name="enterCustomerData" time="0.578" classname="com.w2a.Testcases.addCustomer"/>
  <testcase name="enterCustomerData" time="0.536" classname="com.w2a.Testcases.addCustomer"/>
</testsuite> <!-- addCustomer -->
