<?xml version="1.0" encoding="UTF-8"?>
<!-- Generated by org.testng.reporters.JUnitXMLReporter -->
<testsuite hostname="IGSA937002-PC" ignored="0" name="Test" tests="1" failures="1" timestamp="2021-07-02T15:01:09 AEST" time="2.458" errors="0">
  <testcase name="loginsa" time="2.367" classname="com.w2a.Testcases.BankManagerLogin">
    <failure type="java.lang.NullPointerException">
      <![CDATA[java.lang.NullPointerException
at com.w2a.Base.TestBase.click(TestBase.java:69)
at com.w2a.Testcases.BankManagerLogin.loginsa(BankManagerLogin.java:20)
at java.util.ArrayList.forEach(ArrayList.java:1257)
... Removed 27 stack frames]]>
    </failure>
  </testcase> <!-- loginsa -->
</testsuite> <!-- Test -->
