<?xml version="1.0" encoding="UTF-8"?>
<!-- Generated by org.testng.reporters.JUnitXMLReporter -->
<testsuite hostname="IGSA937002-PC" ignored="0" name="addCustomer" tests="3" failures="0" timestamp="2021-08-21T16:10:22 AEST" time="4.985" errors="0">
  <testcase name="enterCustomerData" time="1.628" classname="com.w2a.Testcases.addCustomer"/>
  <testcase name="enterCustomerData" time="0.781" classname="com.w2a.Testcases.addCustomer"/>
  <testcase name="enterCustomerData" time="0.804" classname="com.w2a.Testcases.addCustomer"/>
</testsuite> <!-- addCustomer -->
